Thinking...
We are using C99 designated initializers which are not supported in C89 (MSVC 9 follows C89).
 Instead, we can use non-designated initializers in the same order as the struct definition.

 The ShapeVtable struct is defined as:
   void (*init)(Shape*);
   void (*draw)(const Shape*);
   double (*area)(const Shape*);
   void (*close)(Shape*);
   void (*destroy)(Shape*);

 So we must initialize the circle_vtable in the same order without using the .member syntax.

 Let's rewrite the circle_vtable initialization for C89 compatibility.

 Also note: we are using `shape_init` and `shape_close` for the circle's init and close?
 This might be a mistake because usually a circle would have its own init and close?
 But let's stick to the code you provided.

 In the circle_vtable, we are using:
   .init = shape_init,
   .draw = circle_draw,
   .area = circle_area,
   .close = shape_close,
   .destroy = circle_destroy

 So in C89, we write:

 static const ShapeVtable circle_vtable = {
    shape_init,      // init
    circle_draw,     // draw
    circle_area,     // area
    shape_close,     // close
    circle_destroy   // destroy
 };

 However, note that the function pointers must match the types exactly.

 But wait, in the code you provided, the circle_vtable is initialized with:
   .init = shape_init,   // but shape_init is for Shape, not Circle?

 This might be okay if the ShapeVtable functions are designed to be generic and take a Shape* which can be cast to Circle* inside the 
function if needed?
 But typically, we would have a circle_init function that initializes the Circle specific parts.

 Let me assume that the code you provided is intentional.

 Now, to make the code work with both C99 and C89, we can use preprocessor conditions.

 We can check for MSVC or check for the C standard.

 However, note that MSVC 9 (2008) does not support C99, so we can do:

 #if defined(_MSC_VER) && _MSC_VER < 1600  // MSVC 9 (2008) has _MSC_VER=1500, and 1600 is MSVC 10 (2010)
   // Use C89 style
 #else
   // Use C99 designated initializers
 #endif

 Alternatively, we can check for the C standard macro if available, but MSVC doesn't define __STDC_VERSION__.

 Another option is to check for the compiler and use the non-designated initializers for MSVC.

 But note: non-designated initializers are standard in C89 and C99, so they are safe.

 However, the designated initializers are more readable and safe if the struct changes.

 Since we are trying to support MSVC 9, let's use the non-designated initializers for MSVC 9 and below, and designated for others.

 Alternatively, we can always use non-designated initializers to avoid preprocessor conditions.

 But if we want to keep the designated initializers for clarity and safety when possible, we can do:

 #if defined(_MSC_VER) && (_MSC_VER < 1600)
   // MSVC 9 and below: use non-designated initializers
   static const ShapeVtable circle_vtable = {
        shape_init,
        circle_draw,
        circle_area,
        shape_close,
        circle_destroy
   };
 #else
   // C99 and above: use designated initializers
   static const ShapeVtable circle_vtable = {
        .init = shape_init,
        .draw = circle_draw,
        .area = circle_area,
        .close = shape_close,
        .destroy = circle_destroy
   };
 #endif

 However, note that the order of the members must be exactly the same as the struct definition in the non-designated version.

 Let me check the struct definition again:

 typedef struct {
    void (*init)(Shape*);
    void (*draw)(const Shape*);
    double (*area)(const Shape*);
    void (*close)(Shape*);
    void (*destroy)(Shape*);
 } ShapeVtable;

 The non-designated initializers are in the correct order.

 But wait, in the example you provided, the circle_vtable uses:
   .init = shape_init,   // which is a function for Shape? Maybe it's a common base function?

 Let me assume that the functions are defined appropriately.

 Another option: if we are worried about the order, we can define the vtable without designated initializers for all compilers, but 
then we lose the clarity of designated initializers.

 Since the code is critical and the vtable must be initialized correctly, and if we are going to support MSVC 9, we might want to use 
the non-designated initializers everywhere to avoid conditionals.

 But let me suggest: if you are going to support multiple compilers, then using the preprocessor condition might be the way to go.

 Alternatively, we can use a macro to define the vtable in a way that works for both.

 However, I think the condition on the compiler version is acceptable.

 Let me write the code for circle.h accordingly.

 But note: the function `shape_init` and `shape_close` are defined in shape.c, and they are used for the circle? That might be a 
problem if the circle requires a different initialization.

 I think there might be a design issue here. Typically, each derived type (like Circle) would have its own init function that might 
call the base init and then do its own.

 But since you provided the code as is, I'll stick to it.

 So, here is the modified circle.h for MSVC 9 compatibility:

 We'll use the preprocessor condition.
...done thinking.

You're encountering the difference between **C99 designated initializers** and **C89 initializers**. The `.init = shape_init` syntax 
is a C99 feature called "designated initializers" that allows you to initialize specific members of a structure by name.

Since MSVC 9 (2008) follows C89 standard, it doesn't support this syntax. Here's how to make your code compatible with both standards:

## Solution 1: Use preprocessor directives

```c
// circle.h
// The vtable for Circles
static const ShapeVtable circle_vtable = {
#if defined(_MSC_VER) && _MSC_VER <= 1500  // MSVC 2008 or earlier
    shape_init,      // init
    circle_draw,     // draw  
    circle_area,     // area
    shape_close,     // close
    circle_destroy   // destroy
#else
    .init = shape_init,
    .draw = circle_draw,
    .area = circle_area,
    .close = shape_close,
    .destroy = circle_destroy
#endif
};
```

## Solution 2: Always use C89-compatible initialization (recommended)

```c
// circle.h
// The vtable for Circles - C89 compatible
static const ShapeVtable circle_vtable = {
    shape_init,      // init
    circle_draw,     // draw
    circle_area,     // area
    shape_close,     // close
    circle_destroy   // destroy
};
```

## Solution 3: More robust preprocessor detection

```c
// circle.h
// The vtable for Circles
static const ShapeVtable circle_vtable = {
#if defined(__STDC_VERSION__) && __STDC_VERSION__ >= 199901L
    // C99 or newer - use designated initializers
    .init = shape_init,
    .draw = circle_draw,
    .area = circle_area,
    .close = shape_close,
    .destroy = circle_destroy
#elif defined(_MSC_VER)
    // MSVC - use C89 style
    shape_init,
    circle_draw,
    circle_area, 
    shape_close,
    circle_destroy
#else
    // Other compilers - assume C99 support
    .init = shape_init,
    .draw = circle_draw,
    .area = circle_area,
    .close = shape_close,
    .destroy = circle_destroy
#endif
};
```

## Important Notes:

1. **Order matters** in C89 initialization - the values must be in the exact same order as the structure members are declared in 
`ShapeVtable`.

2. **Solution 2** (always using C89 style) is the most portable and recommended approach since it works with all C compilers 
regardless of standard version.

3. If you modify the `ShapeVtable` structure by adding, removing, or reordering members, you'll need to update all the initializations 
accordingly with Solution 2.

4. The function pointer is indeed called `init` - the `.init = ` syntax is just a way to specify which member you're initializing in 
C99.

The C89 syntax initializes the structure members in the order they appear in the declaration, which is why the comments in my examples 
are important for readability and maintenance.
